<?xml version="1.0" encoding="UTF-8"?>
<testng-results ignored="0" total="2" passed="2" failed="0" skipped="0">
  <reporter-output>
  </reporter-output>
  <suite started-at="2022-03-05T13:02:06 IST" name="LoginSuite" finished-at="2022-03-05T13:02:17 IST" duration-ms="10133">
    <groups>
    </groups>
    <test started-at="2022-03-05T13:02:06 IST" name="LoginTest_chrome" finished-at="2022-03-05T13:02:11 IST" duration-ms="4765">
      <class name="com.Test.LoginTest">
        <test-method is-config="true" signature="SetUp(java.lang.String)[pri:0, instance:com.Test.LoginTest@6392827e]" started-at="2022-03-05T13:02:06 IST" name="SetUp" finished-at="2022-03-05T13:02:10 IST" duration-ms="3662" status="PASS">
          <params>
            <param index="0">
              <value>
                <![CDATA[Chrome]]>
              </value>
            </param>
          </params>
          <reporter-output>
          </reporter-output>
        </test-method> <!-- SetUp -->
        <test-method signature="verifylogin()[pri:0, instance:com.Test.LoginTest@6392827e]" started-at="2022-03-05T13:02:10 IST" name="verifylogin" finished-at="2022-03-05T13:02:10 IST" duration-ms="344" status="PASS">
          <reporter-output>
          </reporter-output>
        </test-method> <!-- verifylogin -->
        <test-method is-config="true" signature="tearDown()[pri:0, instance:com.Test.LoginTest@6392827e]" started-at="2022-03-05T13:02:10 IST" name="tearDown" finished-at="2022-03-05T13:02:11 IST" duration-ms="734" status="PASS">
          <reporter-output>
          </reporter-output>
        </test-method> <!-- tearDown -->
      </class> <!-- com.Test.LoginTest -->
    </test> <!-- LoginTest_chrome -->
    <test started-at="2022-03-05T13:02:11 IST" name="LoginTest_edge" finished-at="2022-03-05T13:02:17 IST" duration-ms="5350">
      <class name="com.Test.LoginTest">
        <test-method is-config="true" signature="BS()[pri:0, instance:com.Test.LoginTest@1b11171f]" started-at="2022-03-05T13:02:06 IST" name="BS" finished-at="2022-03-05T13:02:06 IST" duration-ms="750" status="PASS">
          <reporter-output>
          </reporter-output>
        </test-method> <!-- BS -->
        <test-method is-config="true" signature="SetUp(java.lang.String)[pri:0, instance:com.Test.LoginTest@1b11171f]" started-at="2022-03-05T13:02:11 IST" name="SetUp" finished-at="2022-03-05T13:02:16 IST" duration-ms="4335" status="PASS">
          <params>
            <param index="0">
              <value>
                <![CDATA[edge]]>
              </value>
            </param>
          </params>
          <reporter-output>
          </reporter-output>
        </test-method> <!-- SetUp -->
        <test-method signature="verifylogin()[pri:0, instance:com.Test.LoginTest@1b11171f]" started-at="2022-03-05T13:02:16 IST" name="verifylogin" finished-at="2022-03-05T13:02:16 IST" duration-ms="246" status="PASS">
          <reporter-output>
          </reporter-output>
        </test-method> <!-- verifylogin -->
        <test-method is-config="true" signature="tearDown()[pri:0, instance:com.Test.LoginTest@1b11171f]" started-at="2022-03-05T13:02:16 IST" name="tearDown" finished-at="2022-03-05T13:02:17 IST" duration-ms="765" status="PASS">
          <reporter-output>
          </reporter-output>
        </test-method> <!-- tearDown -->
      </class> <!-- com.Test.LoginTest -->
    </test> <!-- LoginTest_edge -->
  </suite> <!-- LoginSuite -->
</testng-results>
